<?xml version="1.0" encoding="UTF-8"?>
<!-- Generated by org.testng.reporters.JUnitReportReporter -->
<testsuite hostname="LTIN233552" failures="0" tests="6" name="Identify_courses.Webdevelopment" time="122.516" errors="0" timestamp="2024-03-06T14:15:34 IST" skipped="0">
  <testcase classname="Identify_courses.Webdevelopment" name="search" time="28.661"/>
  <system-out/>
  <testcase classname="Identify_courses.Webdevelopment" name="level" time="9.322"/>
  <system-out/>
  <testcase classname="Identify_courses.Webdevelopment" name="language" time="9.270"/>
  <system-out/>
  <testcase classname="Identify_courses.Webdevelopment" name="selectlanguage" time="18.564"/>
  <system-out/>
  <testcase classname="Identify_courses.Webdevelopment" name="course01" time="33.810"/>
  <system-out/>
  <testcase classname="Identify_courses.Webdevelopment" name="course02" time="22.889"/>
  <system-out/>
</testsuite> <!-- Identify_courses.Webdevelopment -->
