<?xml version="1.0" encoding="UTF-8"?>
<!-- Generated by org.testng.reporters.JUnitReportReporter -->
<testsuite hostname="LTIN233552" failures="0" tests="3" name="Identify_courses.Enterprise" time="50.270" errors="0" timestamp="2024-03-05T14:02:01 IST" skipped="0">
  <testcase classname="Identify_courses.Enterprise" name="Enterprises" time="25.466"/>
  <system-out/>
  <testcase classname="Identify_courses.Enterprise" name="filltheform" time="7.319"/>
  <system-out/>
  <testcase classname="Identify_courses.Enterprise" name="textboxes" time="17.485"/>
  <system-out/>
</testsuite> <!-- Identify_courses.Enterprise -->
