<?xml version="1.0" encoding="UTF-8"?>
<!-- Generated by org.testng.reporters.JUnitReportReporter -->
<testsuite hostname="LTIN233552" failures="0" tests="3" name="Identify_courses.Enterprise" time="150.946" errors="0" timestamp="2024-03-06T14:15:34 IST" skipped="0">
  <testcase classname="Identify_courses.Enterprise" name="Enterprises" time="122.771"/>
  <system-out/>
  <testcase classname="Identify_courses.Enterprise" name="filltheform" time="9.153"/>
  <system-out/>
  <testcase classname="Identify_courses.Enterprise" name="textboxes" time="19.022"/>
  <system-out/>
</testsuite> <!-- Identify_courses.Enterprise -->
