<?xml version="1.0" encoding="UTF-8"?>
<!-- Generated by org.testng.reporters.JUnitReportReporter -->
<testsuite hostname="LTIN233552" failures="0" tests="6" name="Identify_courses.Webdevelopment" time="86.735" errors="0" timestamp="2024-03-04T15:00:31 IST" skipped="0">
  <testcase classname="Identify_courses.Webdevelopment" name="search" time="13.806"/>
  <system-out/>
  <testcase classname="Identify_courses.Webdevelopment" name="level" time="15.268"/>
  <system-out/>
  <testcase classname="Identify_courses.Webdevelopment" name="language" time="9.216"/>
  <system-out/>
  <testcase classname="Identify_courses.Webdevelopment" name="selectlanguage" time="17.985"/>
  <system-out/>
  <testcase classname="Identify_courses.Webdevelopment" name="course01" time="12.865"/>
  <system-out/>
  <testcase classname="Identify_courses.Webdevelopment" name="course02" time="17.595"/>
  <system-out/>
</testsuite> <!-- Identify_courses.Webdevelopment -->
