<?xml version="1.0" encoding="UTF-8"?>
<!-- Generated by org.testng.reporters.JUnitReportReporter -->
<testsuite hostname="LTIN233552" failures="0" tests="2" name="Identify_courses.languagelearning" time="58.478" errors="0" timestamp="2024-03-06T14:15:34 IST" skipped="0">
  <testcase classname="Identify_courses.languagelearning" name="courseraHome" time="38.369"/>
  <system-out/>
  <testcase classname="Identify_courses.languagelearning" name="showmore" time="20.109"/>
  <system-out/>
</testsuite> <!-- Identify_courses.languagelearning -->
