<?xml version="1.0" encoding="UTF-8"?>
<!-- Generated by org.testng.reporters.JUnitReportReporter -->
<testsuite hostname="LTIN233552" failures="0" tests="6" name="Identify_courses.Webdevelopment" time="78.940" errors="0" timestamp="2024-03-05T14:02:01 IST" skipped="0">
  <testcase classname="Identify_courses.Webdevelopment" name="search" time="13.192"/>
  <system-out/>
  <testcase classname="Identify_courses.Webdevelopment" name="level" time="8.711"/>
  <system-out/>
  <testcase classname="Identify_courses.Webdevelopment" name="language" time="9.336"/>
  <system-out/>
  <testcase classname="Identify_courses.Webdevelopment" name="selectlanguage" time="17.975"/>
  <system-out/>
  <testcase classname="Identify_courses.Webdevelopment" name="course01" time="15.297"/>
  <system-out/>
  <testcase classname="Identify_courses.Webdevelopment" name="course02" time="14.429"/>
  <system-out/>
</testsuite> <!-- Identify_courses.Webdevelopment -->
