<?xml version="1.0" encoding="UTF-8"?>
<!-- Generated by org.testng.reporters.JUnitReportReporter -->
<testsuite hostname="LTIN233552" failures="0" tests="2" name="Identify_courses.languagelearning" time="48.723" errors="0" timestamp="2024-03-04T15:00:31 IST" skipped="0">
  <testcase classname="Identify_courses.languagelearning" name="courseraHome" time="29.360"/>
  <system-out/>
  <testcase classname="Identify_courses.languagelearning" name="showmore" time="19.363"/>
  <system-out/>
</testsuite> <!-- Identify_courses.languagelearning -->
