<?xml version="1.0" encoding="UTF-8"?>
<!-- Generated by org.testng.reporters.JUnitReportReporter -->
<testsuite hostname="LTIN233552" failures="0" tests="6" name="Identify_courses.Webdevelopment" time="0.000" errors="0" timestamp="2024-03-06T14:27:58 IST" skipped="6">
  <testcase classname="Identify_courses.Webdevelopment" name="search" time="0.000">
    <skipped/>
  </testcase> <!-- search -->
  <system-out/>
  <testcase classname="Identify_courses.Webdevelopment" name="level" time="0.000">
    <skipped/>
  </testcase> <!-- level -->
  <system-out/>
  <testcase classname="Identify_courses.Webdevelopment" name="language" time="0.000">
    <skipped/>
  </testcase> <!-- language -->
  <system-out/>
  <testcase classname="Identify_courses.Webdevelopment" name="selectlanguage" time="0.000">
    <skipped/>
  </testcase> <!-- selectlanguage -->
  <system-out/>
  <testcase classname="Identify_courses.Webdevelopment" name="course01" time="0.000">
    <skipped/>
  </testcase> <!-- course01 -->
  <system-out/>
  <testcase classname="Identify_courses.Webdevelopment" name="course02" time="0.000">
    <skipped/>
  </testcase> <!-- course02 -->
  <system-out/>
</testsuite> <!-- Identify_courses.Webdevelopment -->
