<?xml version="1.0" encoding="UTF-8"?>
<!-- Generated by org.testng.reporters.JUnitReportReporter -->
<testsuite hostname="LTIN233552" failures="0" tests="6" name="Identify_courses.Webdevelopment" time="84.399" errors="0" timestamp="2024-03-05T14:38:09 IST" skipped="0">
  <testcase classname="Identify_courses.Webdevelopment" name="search" time="14.751"/>
  <system-out/>
  <testcase classname="Identify_courses.Webdevelopment" name="level" time="9.311"/>
  <system-out/>
  <testcase classname="Identify_courses.Webdevelopment" name="language" time="9.347"/>
  <system-out/>
  <testcase classname="Identify_courses.Webdevelopment" name="selectlanguage" time="19.160"/>
  <system-out/>
  <testcase classname="Identify_courses.Webdevelopment" name="course01" time="16.023"/>
  <system-out/>
  <testcase classname="Identify_courses.Webdevelopment" name="course02" time="15.807"/>
  <system-out/>
</testsuite> <!-- Identify_courses.Webdevelopment -->
