<?xml version="1.0" encoding="UTF-8"?>
<!-- Generated by org.testng.reporters.JUnitReportReporter -->
<testsuite hostname="LTIN233552" failures="0" tests="3" name="Identify_courses.Enterprise" time="56.151" errors="0" timestamp="2024-03-05T14:38:09 IST" skipped="0">
  <testcase classname="Identify_courses.Enterprise" name="Enterprises" time="30.311"/>
  <system-out/>
  <testcase classname="Identify_courses.Enterprise" name="filltheform" time="8.030"/>
  <system-out/>
  <testcase classname="Identify_courses.Enterprise" name="textboxes" time="17.810"/>
  <system-out/>
</testsuite> <!-- Identify_courses.Enterprise -->
