<?xml version="1.0" encoding="UTF-8"?>
<!-- Generated by org.testng.reporters.JUnitReportReporter -->
<testsuite hostname="LTIN233552" failures="0" tests="3" name="Identify_courses.Enterprise" time="0.000" errors="0" timestamp="2024-03-06T14:27:58 IST" skipped="3">
  <testcase classname="Identify_courses.Enterprise" name="Enterprises" time="0.000">
    <skipped/>
  </testcase> <!-- Enterprises -->
  <system-out/>
  <testcase classname="Identify_courses.Enterprise" name="filltheform" time="0.000">
    <skipped/>
  </testcase> <!-- filltheform -->
  <system-out/>
  <testcase classname="Identify_courses.Enterprise" name="textboxes" time="0.000">
    <skipped/>
  </testcase> <!-- textboxes -->
  <system-out/>
</testsuite> <!-- Identify_courses.Enterprise -->
