<?xml version="1.0" encoding="UTF-8"?>
<!-- Generated by org.testng.reporters.JUnitReportReporter -->
<testsuite hostname="LTIN233552" failures="0" tests="2" name="Identify_courses.languagelearning" time="0.000" errors="0" timestamp="2024-03-06T14:27:58 IST" skipped="2">
  <testcase classname="Identify_courses.languagelearning" name="courseraHome" time="0.000">
    <skipped/>
  </testcase> <!-- courseraHome -->
  <system-out/>
  <testcase classname="Identify_courses.languagelearning" name="showmore" time="0.000">
    <skipped/>
  </testcase> <!-- showmore -->
  <system-out/>
</testsuite> <!-- Identify_courses.languagelearning -->
